2024-12-05 11:31:16,354 [INFO] Main: All processes started.
2024-12-05 11:31:17,035 [INFO] WebSocket: Connected to the server.
2024-12-05 11:31:17,036 [INFO] WebSocket: Sent connection initialization.
2024-12-05 11:31:17,041 [INFO] SB-4844: Attempting to connect.
2024-12-05 11:31:17,073 [INFO] WebSocket Sender: Connected to the server.
2024-12-05 11:31:17,097 [INFO] SB-2E86: Attempting to connect.
2024-12-05 11:31:17,114 [INFO] SB-7104: Attempting to connect.
2024-12-05 11:31:17,138 [INFO] SB-D8B2: Attempting to connect.
2024-12-05 11:31:17,219 [INFO] SB-4844: Connected to Sphero.
2024-12-05 11:31:20,090 [INFO] SB-7104: Connected to Sphero.
2024-12-05 11:31:20,572 [INFO] SB-2E86: Connected to Sphero.
2024-12-05 11:31:21,272 [INFO] SB-4844: Calibrating compass.
2024-12-05 11:31:22,286 [WARNING] SB-D8B2: Sphero not found, retrying...
2024-12-05 11:31:24,396 [INFO] SB-2E86: Calibrating compass.
2024-12-05 11:31:25,640 [INFO] SB-4844: Initialization complete.
2024-12-05 11:31:25,641 [INFO] SB-4844: Subscribed to message bus.
2024-12-05 11:31:26,785 [INFO] SB-7104: Calibrating compass.
2024-12-05 11:31:28,672 [INFO] SB-2E86: Initialization complete.
2024-12-05 11:31:28,672 [INFO] SB-2E86: Subscribed to message bus.
2024-12-05 11:31:29,771 [INFO] SB-D8B2: Connected to Sphero.
2024-12-05 11:31:31,046 [INFO] SB-7104: Initialization complete.
2024-12-05 11:31:31,046 [INFO] SB-7104: Subscribed to message bus.
2024-12-05 11:32:15,660 [INFO] WebSocket: Received message: {"id":"SB-2E86","messageType":"SpheroMatrix","message":"X"}
2024-12-05 11:32:15,680 [INFO] WebSocket: Received message: {"id":"SB-4844","messageType":"SpheroMatrix","message":"X"}
2024-12-05 11:32:15,697 [INFO] WebSocket: Received message: {"id":"SB-7104","messageType":"SpheroMatrix","message":"X"}
2024-12-05 11:32:15,714 [INFO] WebSocket: Received message: {"id":"SB-D8B2","messageType":"SpheroMatrix","message":"X"}
2024-12-05 11:32:58,812 [ERROR] SB-2E86: Error in subscriber: 
2024-12-05 11:32:58,812 [ERROR] WebSocket Sender: Error sending message: 
2024-12-05 11:32:58,812 [ERROR] SB-7104: Error in subscriber: 
2024-12-05 11:32:58,812 [ERROR] SB-4844: Error in subscriber: [WinError 2] The system cannot find the file specified
2024-12-05 11:32:58,813 [ERROR] SB-2E86: Error in subscriber: [WinError 232] The pipe is being closed
2024-12-05 11:32:58,813 [ERROR] SB-7104: Error in subscriber: [WinError 232] The pipe is being closed
2024-12-05 11:32:58,813 [ERROR] SB-4844: Error in subscriber: [WinError 2] The system cannot find the file specified
2024-12-05 11:32:58,814 [ERROR] SB-2E86: Error in subscriber: [WinError 232] The pipe is being closed
2024-12-05 11:32:58,814 [ERROR] SB-7104: Error in subscriber: [WinError 232] The pipe is being closed
2024-12-05 11:32:58,815 [ERROR] SB-4844: Error in subscriber: [WinError 2] The system cannot find the file specified
2024-12-05 11:32:58,815 [ERROR] SB-7104: Error in subscriber: [WinError 232] The pipe is being closed
2024-12-05 11:32:58,816 [ERROR] SB-7104: Error in subscriber: [WinError 232] The pipe is being closed
2024-12-05 11:32:58,817 [ERROR] SB-4844: Error in subscriber: [WinError 2] The system cannot find the file specified
2024-12-05 11:32:58,818 [ERROR] SB-2E86: Error in subscriber: [WinError 232] The pipe is being closed
2024-12-05 11:32:58,818 [ERROR] SB-7104: Error in subscriber: [WinError 232] The pipe is being closed
2024-12-05 11:32:58,818 [ERROR] SB-2E86: Error in subscriber: [WinError 232] The pipe is being closed
2024-12-05 11:32:58,818 [ERROR] SB-4844: Error in subscriber: [WinError 2] The system cannot find the file specified
2024-12-05 11:32:58,819 [ERROR] SB-2E86: Error in subscriber: [WinError 232] The pipe is being closed
2024-12-05 11:32:58,819 [ERROR] SB-7104: Error in subscriber: [WinError 232] The pipe is being closed
2024-12-05 11:32:58,819 [ERROR] SB-4844: Error in subscriber: [WinError 2] The system cannot find the file specified
2024-12-05 11:32:58,820 [ERROR] SB-7104: Error in subscriber: [WinError 232] The pipe is being closed
2024-12-05 11:32:58,822 [ERROR] SB-2E86: Error in subscriber: [WinError 232] The pipe is being closed
2024-12-05 11:32:58,822 [WARNING] WebSocket Sender: Closing connection.
2024-12-05 11:32:58,825 [ERROR] SB-7104: Error in subscriber: [WinError 232] The pipe is being closed
2024-12-05 11:32:58,826 [ERROR] SB-4844: Error in subscriber: [WinError 2] The system cannot find the file specified
2024-12-05 11:32:58,826 [ERROR] SB-7104: Error in subscriber: [WinError 232] The pipe is being closed
2024-12-05 11:32:58,827 [ERROR] SB-4844: Error in subscriber: [WinError 2] The system cannot find the file specified
2024-12-05 11:32:58,828 [ERROR] SB-4844: Error in subscriber: [WinError 2] The system cannot find the file specified
2024-12-05 11:32:58,829 [ERROR] SB-2E86: Error in subscriber: [WinError 232] The pipe is being closed
2024-12-05 11:32:58,829 [ERROR] SB-4844: Error in subscriber: [WinError 2] The system cannot find the file specified
2024-12-05 11:32:58,829 [ERROR] SB-7104: Error in subscriber: [WinError 232] The pipe is being closed
2024-12-05 11:32:58,830 [ERROR] SB-2E86: Error in subscriber: [WinError 232] The pipe is being closed
ile specified
2024-12-05 11:32:58,830 [ERROR] SB-7104: Error in subscriber: [WinError 232] The pipe is being closed
2024-12-05 11:32:58,830 [ERROR] SB-4844: Error in subscriber: [WinError 2] The system cannot find the file specified
2024-12-05 11:32:58,830 [ERROR] SB-2E86: Error in subscriber: [WinError 232] The pipe is being closed
2024-12-05 11:32:58,832 [ERROR] SB-7104: Error in subscriber: [WinError 232] The pipe is being closed
2024-12-05 11:32:58,832 [ERROR] SB-4844: Error in subscriber: [WinError 2] The system cannot find the file specified
2024-12-05 11:32:58,832 [ERROR] SB-2E86: Error in subscriber: [WinError 232] The pipe is being closed
2024-12-05 11:32:58,833 [ERROR] SB-7104: Error in subscriber: [WinError 232] The pipe is being closed
2024-12-05 11:32:58,833 [ERROR] SB-4844: Error in subscriber: [WinError 2] The system cannot find the file specified
2024-12-05 11:32:58,835 [ERROR] SB-2E86: Error in subscriber: [WinError 232] The pipe is being closed
2024-12-05 11:32:58,835 [ERROR] SB-7104: Error in subscriber: [WinError 232] The pipe is being closed
2024-12-05 11:32:58,836 [ERROR] SB-4844: Error in subscriber: [WinError 2] The system cannot find the file specified
2024-12-05 11:32:58,836 [ERROR] SB-2E86: Error in subscriber: [WinError 232] The pipe is being closed
2024-12-05 11:32:58,841 [ERROR] SB-7104: Error in subscriber: [WinError 232] The pipe is being closed
ile specified
2024-12-05 11:32:58,842 [ERROR] SB-2E86: Error in subscriber: [WinError 232] The pipe is being closed
2024-12-05 11:32:58,842 [ERROR] SB-7104: Error in subscriber: [WinError 232] The pipe is being closed
2024-12-05 11:32:58,842 [ERROR] SB-4844: Error in subscriber: [WinError 2] The system cannot find the file specified
2024-12-05 11:32:58,843 [ERROR] SB-2E86: Error in subscriber: [WinError 232] The pipe is being closed
2024-12-05 11:32:58,843 [ERROR] SB-7104: Error in subscriber: [WinError 232] The pipe is being closed
2024-12-05 11:32:58,845 [ERROR] SB-4844: Error in subscriber: [WinError 2] The system cannot find the file specified
2024-12-05 11:32:58,845 [ERROR] SB-2E86: Error in subscriber: [WinError 232] The pipe is being closed
2024-12-05 11:32:58,845 [ERROR] SB-7104: Error in subscriber: [WinError 232] The pipe is being closed
2024-12-05 11:32:58,845 [ERROR] SB-4844: Error in subscriber: [WinError 2] The system cannot find the file specified
2024-12-05 11:32:58,845 [ERROR] SB-2E86: Error in subscriber: [WinError 232] The pipe is being closed
2024-12-05 11:32:58,846 [ERROR] SB-2E86: Error in subscriber: [WinError 232] The pipe is being closed
2024-12-05 11:32:58,847 [ERROR] SB-4844: Error in subscriber: [WinError 2] The system cannot find the file specified
2024-12-05 11:32:58,847 [ERROR] SB-7104: Error in subscriber: [WinError 232] The pipe is being closed
2024-12-05 11:32:58,847 [ERROR] SB-2E86: Error in subscriber: [WinError 232] The pipe is being closed
2024-12-05 11:32:58,847 [ERROR] SB-4844: Error in subscriber: [WinError 2] The system cannot find the file specified
2024-12-05 11:32:58,848 [ERROR] SB-2E86: Error in subscriber: [WinError 232] The pipe is being closed
2024-12-05 11:32:58,848 [ERROR] SB-7104: Error in subscriber: [WinError 232] The pipe is being closed
2024-12-05 11:32:58,848 [ERROR] SB-4844: Error in subscriber: [WinError 2] The system cannot find the file specified
2024-12-05 11:32:58,848 [ERROR] SB-7104: Error in subscriber: [WinError 232] The pipe is being closed
2024-12-05 11:32:58,848 [ERROR] SB-2E86: Error in subscriber: [WinError 232] The pipe is being closed
2024-12-05 11:32:58,848 [ERROR] SB-4844: Error in subscriber: [WinError 2] The system cannot find the file specified
2024-12-05 11:32:58,848 [ERROR] SB-7104: Error in subscriber: [WinError 232] The pipe is being closed
2024-12-05 11:32:58,849 [ERROR] SB-2E86: Error in subscriber: [WinError 232] The pipe is being closed
2024-12-05 11:32:58,850 [ERROR] SB-4844: Error in subscriber: [WinError 2] The system cannot find the file specified
2024-12-05 11:32:58,851 [ERROR] SB-4844: Error in subscriber: [WinError 2] The system cannot find the file specified
2024-12-05 11:32:58,851 [ERROR] SB-2E86: Error in subscriber: [WinError 232] The pipe is being closed
2024-12-05 11:32:58,852 [ERROR] SB-4844: Error in subscriber: [WinError 2] The system cannot find the file specified
2024-12-05 11:32:58,852 [ERROR] SB-7104: Error in subscriber: [WinError 232] The pipe is being closed
2024-12-05 11:32:58,854 [ERROR] SB-7104: Error in subscriber: [WinError 232] The pipe is being closed
2024-12-05 11:32:58,852 [ERROR] SB-2E86: Error in subscriber: [WinError 232] The pipe is being closed
2024-12-05 11:32:58,855 [ERROR] SB-4844: Error in subscriber: [WinError 2] The system cannot find the file specified
2024-12-05 11:32:58,855 [ERROR] SB-7104: Error in subscriber: [WinError 232] The pipe is being closed
2024-12-05 11:32:58,856 [ERROR] SB-2E86: Error in subscriber: [WinError 232] The pipe is being closed
2024-12-05 11:32:58,856 [ERROR] SB-4844: Error in subscriber: [WinError 2] The system cannot find the file specified
2024-12-05 11:32:58,856 [ERROR] SB-7104: Error in subscriber: [WinError 232] The pipe is being closed
2024-12-05 11:32:58,856 [ERROR] SB-2E86: Error in subscriber: [WinError 232] The pipe is being closed
2024-12-05 11:32:58,856 [ERROR] SB-4844: Error in subscriber: [WinError 2] The system cannot find the file specified
2024-12-05 11:32:58,857 [ERROR] SB-2E86: Error in subscriber: [WinError 232] The pipe is being closed
2024-12-05 11:32:58,858 [ERROR] SB-4844: Error in subscriber: [WinError 2] The system cannot find the file specified
2024-12-05 11:32:58,858 [ERROR] SB-2E86: Error in subscriber: [WinError 232] The pipe is being closed
2024-12-05 11:32:58,859 [ERROR] SB-4844: Error in subscriber: [WinError 2] The system cannot find the file specified
2024-12-05 11:32:58,859 [ERROR] SB-7104: Error in subscriber: [WinError 232] The pipe is being closed
2024-12-05 11:32:58,860 [ERROR] SB-4844: Error in subscriber: [WinError 2] The system cannot find the file specified
2024-12-05 11:32:58,860 [ERROR] SB-4844: Error in subscriber: [WinError 2] The system cannot find the file specified
2024-12-05 11:32:58,860 [ERROR] SB-7104: Error in subscriber: [WinError 232] The pipe is being closed
2024-12-05 11:32:58,861 [ERROR] SB-4844: Error in subscriber: [WinError 2] The system cannot find the file specified
2024-12-05 11:32:58,862 [ERROR] SB-7104: Error in subscriber: [WinError 232] The pipe is being closed
2024-12-05 11:32:58,862 [ERROR] SB-4844: Error in subscriber: [WinError 2] The system cannot find the file specified
2024-12-05 11:32:58,862 [ERROR] SB-7104: Error in subscriber: [WinError 232] The pipe is being closed
2024-12-05 11:32:58,863 [ERROR] SB-4844: Error in subscriber: [WinError 2] The system cannot find the file specified
2024-12-05 11:32:58,863 [ERROR] SB-7104: Error in subscriber: [WinError 232] The pipe is being closed
2024-12-05 11:32:58,863 [ERROR] SB-4844: Error in subscriber: [WinError 2] The system cannot find the file specified
2024-12-05 11:32:58,863 [ERROR] SB-7104: Error in subscriber: [WinError 232] The pipe is being closed
2024-12-05 11:32:58,863 [ERROR] SB-4844: Error in subscriber: [WinError 2] The system cannot find the file specified
2024-12-05 11:32:58,863 [ERROR] SB-7104: Error in subscriber: [WinError 232] The pipe is being closed
2024-12-05 11:32:58,864 [ERROR] SB-4844: Error in subscriber: [WinError 2] The system cannot find the file specified
2024-12-05 11:32:58,864 [ERROR] SB-7104: Error in subscriber: [WinError 232] The pipe is being closed
2024-12-05 11:32:58,864 [ERROR] SB-4844: Error in subscriber: [WinError 2] The system cannot find the file specified
2024-12-05 11:32:58,865 [ERROR] SB-7104: Error in subscriber: [WinError 232] The pipe is being closed
2024-12-05 11:32:58,865 [ERROR] SB-4844: Error in subscriber: [WinError 2] The system cannot find the file specified
2024-12-05 11:32:58,865 [ERROR] SB-7104: Error in subscriber: [WinError 232] The pipe is being closed
2024-12-05 11:32:58,865 [ERROR] SB-4844: Error in subscriber: [WinError 2] The system cannot find the file specified
2024-12-05 11:32:58,865 [ERROR] SB-7104: Error in subscriber: [WinError 232] The pipe is being closed
2024-12-05 11:32:58,866 [ERROR] SB-4844: Error in subscriber: [WinError 2] The system cannot find the file specified
2024-12-05 11:32:58,866 [ERROR] SB-7104: Error in subscriber: [WinError 232] The pipe is being closed
2024-12-05 11:32:58,866 [ERROR] SB-4844: Error in subscriber: [WinError 2] The system cannot find the file specified
2024-12-05 11:32:58,866 [ERROR] SB-7104: Error in subscriber: [WinError 232] The pipe is being closed
2024-12-05 11:32:58,866 [ERROR] SB-4844: Error in subscriber: [WinError 2] The system cannot find the file specified
2024-12-05 11:32:58,867 [ERROR] SB-7104: Error in subscriber: [WinError 232] The pipe is being closed
2024-12-05 11:32:58,867 [ERROR] SB-4844: Error in subscriber: [WinError 2] The system cannot find the file specified
2024-12-05 11:32:58,871 [ERROR] SB-7104: Error in subscriber: [WinError 232] The pipe is being closed
2024-12-05 11:32:58,873 [ERROR] SB-7104: Error in subscriber: [WinError 232] The pipe is being closed
2024-12-05 11:32:58,874 [ERROR] SB-4844: Error in subscriber: [WinError 2] The system cannot find the file specified
2024-12-05 11:32:58,875 [ERROR] SB-7104: Error in subscriber: [WinError 232] The pipe is being closed
2024-12-05 11:32:58,875 [ERROR] SB-4844: Error in subscriber: [WinError 2] The system cannot find the file specified
2024-12-05 11:32:58,875 [ERROR] SB-7104: Error in subscriber: [WinError 232] The pipe is being closed
2024-12-05 11:32:58,875 [ERROR] SB-4844: Error in subscriber: [WinError 2] The system cannot find the file specified
2024-12-05 11:32:58,877 [ERROR] SB-7104: Error in subscriber: [WinError 232] The pipe is being closed
2024-12-05 11:32:58,877 [ERROR] SB-4844: Error in subscriber: [WinError 2] The system cannot find the file specified
2024-12-05 11:32:58,877 [ERROR] SB-7104: Error in subscriber: [WinError 232] The pipe is being closed
2024-12-05 11:32:58,878 [ERROR] SB-4844: Error in subscriber: [WinError 2] The system cannot find the file specified
2024-12-05 11:32:58,878 [ERROR] SB-7104: Error in subscriber: [WinError 232] The pipe is being closed
2024-12-05 11:32:58,878 [ERROR] SB-4844: Error in subscriber: [WinError 2] The system cannot find the file specified
2024-12-05 11:32:58,878 [ERROR] SB-7104: Error in subscriber: [WinError 232] The pipe is being closed
2024-12-05 11:32:58,879 [ERROR] SB-4844: Error in subscriber: [WinError 2] The system cannot find the file specified
2024-12-05 11:32:58,879 [ERROR] SB-7104: Error in subscriber: [WinError 232] The pipe is being closed
2024-12-05 11:32:58,879 [ERROR] SB-7104: Error in subscriber: [WinError 232] The pipe is being closed
2024-12-05 11:32:58,880 [ERROR] SB-7104: Error in subscriber: [WinError 232] The pipe is being closed
2024-12-05 11:32:58,880 [ERROR] SB-7104: Error in subscriber: [WinError 232] The pipe is being closed
2024-12-05 11:32:58,881 [ERROR] SB-7104: Error in subscriber: [WinError 232] The pipe is being closed
2024-12-05 11:32:58,881 [ERROR] SB-7104: Error in subscriber: [WinError 232] The pipe is being closed
2024-12-05 11:32:58,881 [ERROR] SB-7104: Error in subscriber: [WinError 232] The pipe is being closed
2024-12-05 11:32:58,882 [ERROR] SB-7104: Error in subscriber: [WinError 232] The pipe is being closed
2024-12-05 11:32:58,882 [ERROR] SB-7104: Error in subscriber: [WinError 232] The pipe is being closed
2024-12-05 11:32:58,884 [ERROR] SB-7104: Error in subscriber: [WinError 232] The pipe is being closed
2024-12-05 11:32:58,884 [ERROR] SB-7104: Error in subscriber: [WinError 232] The pipe is being closed
2024-12-05 11:32:58,884 [ERROR] SB-7104: Error in subscriber: [WinError 232] The pipe is being closed
2024-12-05 11:32:58,885 [ERROR] SB-7104: Error in subscriber: [WinError 232] The pipe is being closed
2024-12-05 11:32:58,885 [ERROR] SB-7104: Error in subscriber: [WinError 232] The pipe is being closed
2024-12-05 11:32:58,885 [ERROR] SB-7104: Error in subscriber: [WinError 232] The pipe is being closed
2024-12-05 11:32:58,886 [ERROR] SB-7104: Error in subscriber: [WinError 232] The pipe is being closed
2024-12-05 11:32:58,886 [ERROR] SB-7104: Error in subscriber: [WinError 232] The pipe is being closed
2024-12-05 11:32:58,887 [ERROR] SB-7104: Error in subscriber: [WinError 232] The pipe is being closed
2024-12-05 11:32:58,887 [ERROR] SB-7104: Error in subscriber: [WinError 232] The pipe is being closed
2024-12-05 11:32:58,888 [ERROR] SB-7104: Error in subscriber: [WinError 232] The pipe is being closed
2024-12-05 11:32:58,890 [ERROR] SB-7104: Error in subscriber: [WinError 232] The pipe is being closed
2024-12-05 11:32:58,890 [ERROR] SB-7104: Error in subscriber: [WinError 232] The pipe is being closed
2024-12-05 11:32:58,890 [ERROR] SB-7104: Error in subscriber: [WinError 232] The pipe is being closed
2024-12-05 11:32:58,891 [ERROR] SB-7104: Error in subscriber: [WinError 232] The pipe is being closed
2024-12-05 11:32:58,891 [ERROR] SB-7104: Error in subscriber: [WinError 232] The pipe is being closed
2024-12-05 11:32:58,893 [ERROR] SB-7104: Error in subscriber: [WinError 232] The pipe is being closed
2024-12-05 11:32:58,893 [ERROR] SB-7104: Error in subscriber: [WinError 232] The pipe is being closed
2024-12-05 11:32:58,894 [ERROR] SB-7104: Error in subscriber: [WinError 232] The pipe is being closed
2024-12-05 11:32:58,894 [ERROR] SB-7104: Error in subscriber: [WinError 232] The pipe is being closed
2024-12-05 11:32:58,894 [ERROR] SB-7104: Error in subscriber: [WinError 232] The pipe is being closed
2024-12-05 11:32:58,895 [ERROR] SB-7104: Error in subscriber: [WinError 232] The pipe is being closed
2024-12-05 11:32:58,895 [ERROR] SB-7104: Error in subscriber: [WinError 232] The pipe is being closed
2024-12-05 11:32:58,895 [ERROR] SB-7104: Error in subscriber: [WinError 232] The pipe is being closed
2024-12-05 11:32:58,896 [ERROR] SB-7104: Error in subscriber: [WinError 232] The pipe is being closed
2024-12-05 11:32:58,896 [ERROR] SB-7104: Error in subscriber: [WinError 232] The pipe is being closed
2024-12-05 11:32:58,897 [ERROR] SB-7104: Error in subscriber: [WinError 232] The pipe is being closed
2024-12-05 11:32:58,897 [ERROR] SB-7104: Error in subscriber: [WinError 232] The pipe is being closed
2024-12-05 11:32:58,897 [ERROR] SB-7104: Error in subscriber: [WinError 232] The pipe is being closed
2024-12-05 11:32:58,899 [ERROR] SB-7104: Error in subscriber: [WinError 232] The pipe is being closed
2024-12-05 11:33:06,856 [INFO] Main: All processes started.
2024-12-05 11:33:08,878 [INFO] SB-2E86: Attempting to connect.
2024-12-05 11:33:08,933 [INFO] SB-D8B2: Attempting to connect.
2024-12-05 11:33:08,974 [INFO] SB-7104: Attempting to connect.
2024-12-05 11:33:08,985 [INFO] WebSocket: Connected to the server.
2024-12-05 11:33:08,987 [INFO] WebSocket: Sent connection initialization.
2024-12-05 11:33:08,995 [INFO] SB-4844: Attempting to connect.
2024-12-05 11:33:09,009 [INFO] WebSocket Sender: Connected to the server.
2024-12-05 11:33:10,003 [INFO] SB-D8B2: Connected to Sphero.
2024-12-05 11:33:14,329 [WARNING] SB-2E86: Sphero not found. Ensure it is powered on and in range. Retrying...
2024-12-05 11:33:14,435 [WARNING] SB-4844: Sphero not found. Ensure it is powered on and in range. Retrying...
2024-12-05 11:33:14,503 [WARNING] SB-7104: Sphero not found. Ensure it is powered on and in range. Retrying...
2024-12-05 11:33:15,194 [INFO] SB-D8B2: Calibrating compass.
2024-12-05 11:33:19,574 [INFO] SB-D8B2: Initialization complete.
2024-12-05 11:33:19,574 [INFO] SB-D8B2: Subscribed to message bus.
2024-12-05 11:33:20,645 [ERROR] WebSocket Sender: Error sending message: 
2024-12-05 11:33:20,645 [ERROR] SB-D8B2: Error in subscriber: [WinError 2] The system cannot find the file specified
2024-12-05 11:33:20,649 [ERROR] SB-D8B2: Error in subscriber: [WinError 2] The system cannot find the file specified
2024-12-05 11:33:20,650 [ERROR] SB-D8B2: Error in subscriber: [WinError 2] The system cannot find the file specified
2024-12-05 11:33:20,650 [ERROR] SB-D8B2: Error in subscriber: [WinError 2] The system cannot find the file specified
2024-12-05 11:33:20,656 [ERROR] SB-D8B2: Error in subscriber: [WinError 2] The system cannot find the file specified
2024-12-05 11:33:20,657 [ERROR] SB-D8B2: Error in subscriber: [WinError 2] The system cannot find the file specified
2024-12-05 11:33:20,659 [WARNING] WebSocket Sender: Closing connection.
2024-12-05 11:33:20,660 [ERROR] SB-D8B2: Error in subscriber: [WinError 2] The system cannot find the file specified
2024-12-05 11:33:20,661 [ERROR] SB-D8B2: Error in subscriber: [WinError 2] The system cannot find the file specified
2024-12-05 11:33:20,662 [ERROR] SB-D8B2: Error in subscriber: [WinError 2] The system cannot find the file specified
2024-12-05 11:33:20,666 [ERROR] SB-D8B2: Error in subscriber: [WinError 2] The system cannot find the file specified
2024-12-05 11:33:20,667 [ERROR] SB-D8B2: Error in subscriber: [WinError 2] The system cannot find the file specified
2024-12-05 11:33:20,676 [ERROR] SB-D8B2: Error in subscriber: [WinError 2] The system cannot find the file specified
2024-12-05 11:33:20,677 [ERROR] SB-D8B2: Error in subscriber: [WinError 2] The system cannot find the file specified
2024-12-05 11:33:20,678 [ERROR] SB-D8B2: Error in subscriber: [WinError 2] The system cannot find the file specified
2024-12-05 11:33:20,678 [ERROR] SB-D8B2: Error in subscriber: [WinError 2] The system cannot find the file specified
2024-12-05 11:33:20,679 [ERROR] SB-D8B2: Error in subscriber: [WinError 2] The system cannot find the file specified
2024-12-05 11:33:20,680 [ERROR] SB-D8B2: Error in subscriber: [WinError 2] The system cannot find the file specified
2024-12-05 11:33:20,681 [ERROR] SB-D8B2: Error in subscriber: [WinError 2] The system cannot find the file specified
2024-12-05 11:33:20,681 [ERROR] SB-D8B2: Error in subscriber: [WinError 2] The system cannot find the file specified
2024-12-05 11:33:20,690 [ERROR] SB-D8B2: Error in subscriber: [WinError 2] The system cannot find the file specified
2024-12-05 11:33:20,693 [ERROR] SB-D8B2: Error in subscriber: [WinError 2] The system cannot find the file specified
2024-12-05 11:33:20,698 [ERROR] SB-D8B2: Error in subscriber: [WinError 2] The system cannot find the file specified
2024-12-05 11:33:20,717 [ERROR] SB-D8B2: Error in subscriber: [WinError 2] The system cannot find the file specified
2024-12-05 11:33:20,727 [ERROR] SB-D8B2: Error in subscriber: [WinError 2] The system cannot find the file specified
2024-12-05 11:33:20,732 [ERROR] SB-D8B2: Error in subscriber: [WinError 2] The system cannot find the file specified
2024-12-05 11:33:20,734 [ERROR] SB-D8B2: Error in subscriber: [WinError 2] The system cannot find the file specified
2024-12-05 11:33:20,736 [ERROR] SB-D8B2: Error in subscriber: [WinError 2] The system cannot find the file specified
2024-12-05 11:33:20,739 [ERROR] SB-D8B2: Error in subscriber: [WinError 2] The system cannot find the file specified
2024-12-05 11:33:20,747 [ERROR] SB-D8B2: Error in subscriber: [WinError 2] The system cannot find the file specified
2024-12-05 11:33:20,748 [ERROR] SB-D8B2: Error in subscriber: [WinError 2] The system cannot find the file specified
2024-12-05 11:33:20,752 [ERROR] SB-D8B2: Error in subscriber: [WinError 2] The system cannot find the file specified
2024-12-05 11:33:20,757 [ERROR] SB-D8B2: Error in subscriber: [WinError 2] The system cannot find the file specified
2024-12-05 11:33:20,758 [ERROR] SB-D8B2: Error in subscriber: [WinError 2] The system cannot find the file specified
2024-12-05 11:33:20,760 [ERROR] SB-D8B2: Error in subscriber: [WinError 2] The system cannot find the file specified
2024-12-05 11:33:20,761 [ERROR] SB-D8B2: Error in subscriber: [WinError 2] The system cannot find the file specified
2024-12-05 11:33:20,763 [ERROR] SB-D8B2: Error in subscriber: [WinError 2] The system cannot find the file specified
2024-12-05 11:33:20,764 [ERROR] SB-D8B2: Error in subscriber: [WinError 2] The system cannot find the file specified
2024-12-05 11:33:20,765 [ERROR] SB-D8B2: Error in subscriber: [WinError 2] The system cannot find the file specified
2024-12-05 11:33:20,767 [ERROR] SB-D8B2: Error in subscriber: [WinError 2] The system cannot find the file specified
2024-12-05 11:33:20,767 [ERROR] SB-D8B2: Error in subscriber: [WinError 2] The system cannot find the file specified
2024-12-05 11:33:20,768 [ERROR] SB-D8B2: Error in subscriber: [WinError 2] The system cannot find the file specified
2024-12-05 11:33:20,769 [ERROR] SB-D8B2: Error in subscriber: [WinError 2] The system cannot find the file specified
2024-12-05 11:33:20,771 [ERROR] SB-D8B2: Error in subscriber: [WinError 2] The system cannot find the file specified
2024-12-05 11:33:20,773 [ERROR] SB-D8B2: Error in subscriber: [WinError 2] The system cannot find the file specified
2024-12-05 11:33:20,775 [ERROR] SB-D8B2: Error in subscriber: [WinError 2] The system cannot find the file specified
2024-12-05 11:33:20,776 [ERROR] SB-D8B2: Error in subscriber: [WinError 2] The system cannot find the file specified
2024-12-05 11:33:20,777 [ERROR] SB-D8B2: Error in subscriber: [WinError 2] The system cannot find the file specified
2024-12-05 11:33:20,778 [ERROR] SB-D8B2: Error in subscriber: [WinError 2] The system cannot find the file specified
2024-12-05 11:33:20,778 [ERROR] SB-D8B2: Error in subscriber: [WinError 2] The system cannot find the file specified
2024-12-05 11:33:20,779 [ERROR] SB-D8B2: Error in subscriber: [WinError 2] The system cannot find the file specified
2024-12-05 11:33:20,781 [ERROR] SB-D8B2: Error in subscriber: [WinError 2] The system cannot find the file specified
2024-12-05 11:33:20,782 [ERROR] SB-D8B2: Error in subscriber: [WinError 2] The system cannot find the file specified
2024-12-05 11:33:20,783 [ERROR] SB-D8B2: Error in subscriber: [WinError 2] The system cannot find the file specified
2024-12-05 11:33:20,783 [ERROR] SB-D8B2: Error in subscriber: [WinError 2] The system cannot find the file specified
2024-12-05 11:33:20,784 [ERROR] SB-D8B2: Error in subscriber: [WinError 2] The system cannot find the file specified
2024-12-05 11:33:20,787 [ERROR] SB-D8B2: Error in subscriber: [WinError 2] The system cannot find the file specified
2024-12-05 11:33:20,788 [ERROR] SB-D8B2: Error in subscriber: [WinError 2] The system cannot find the file specified
2024-12-05 11:33:20,789 [ERROR] SB-D8B2: Error in subscriber: [WinError 2] The system cannot find the file specified
2024-12-05 11:33:20,791 [ERROR] SB-D8B2: Error in subscriber: [WinError 2] The system cannot find the file specified
2024-12-05 11:33:20,791 [ERROR] SB-D8B2: Error in subscriber: [WinError 2] The system cannot find the file specified
2024-12-05 11:33:20,793 [ERROR] SB-D8B2: Error in subscriber: [WinError 2] The system cannot find the file specified
2024-12-05 11:33:20,795 [ERROR] SB-D8B2: Error in subscriber: [WinError 2] The system cannot find the file specified
2024-12-05 11:33:20,796 [ERROR] SB-D8B2: Error in subscriber: [WinError 2] The system cannot find the file specified
2024-12-05 11:33:20,798 [ERROR] SB-D8B2: Error in subscriber: [WinError 2] The system cannot find the file specified
2024-12-05 11:33:20,798 [ERROR] SB-D8B2: Error in subscriber: [WinError 2] The system cannot find the file specified
2024-12-05 11:33:20,800 [ERROR] SB-D8B2: Error in subscriber: [WinError 2] The system cannot find the file specified
2024-12-05 11:33:20,801 [ERROR] SB-D8B2: Error in subscriber: [WinError 2] The system cannot find the file specified
2024-12-05 11:33:20,802 [ERROR] SB-D8B2: Error in subscriber: [WinError 2] The system cannot find the file specified
2024-12-05 11:33:20,803 [ERROR] SB-D8B2: Error in subscriber: [WinError 2] The system cannot find the file specified
2024-12-05 11:33:20,804 [ERROR] SB-D8B2: Error in subscriber: [WinError 2] The system cannot find the file specified
2024-12-05 11:33:20,805 [ERROR] SB-D8B2: Error in subscriber: [WinError 2] The system cannot find the file specified
2024-12-05 11:33:20,807 [ERROR] SB-D8B2: Error in subscriber: [WinError 2] The system cannot find the file specified
2024-12-05 11:33:20,808 [ERROR] SB-D8B2: Error in subscriber: [WinError 2] The system cannot find the file specified
2024-12-05 11:33:20,809 [ERROR] SB-D8B2: Error in subscriber: [WinError 2] The system cannot find the file specified
2024-12-05 11:33:20,809 [ERROR] SB-D8B2: Error in subscriber: [WinError 2] The system cannot find the file specified
2024-12-05 11:33:20,810 [ERROR] SB-D8B2: Error in subscriber: [WinError 2] The system cannot find the file specified
2024-12-05 11:33:20,810 [ERROR] SB-D8B2: Error in subscriber: [WinError 2] The system cannot find the file specified
2024-12-05 11:33:20,811 [ERROR] SB-D8B2: Error in subscriber: [WinError 2] The system cannot find the file specified
2024-12-05 11:33:20,812 [ERROR] SB-D8B2: Error in subscriber: [WinError 2] The system cannot find the file specified
2024-12-05 11:33:20,812 [ERROR] SB-D8B2: Error in subscriber: [WinError 2] The system cannot find the file specified
2024-12-05 11:33:20,813 [ERROR] SB-D8B2: Error in subscriber: [WinError 2] The system cannot find the file specified
2024-12-05 11:33:20,814 [ERROR] SB-D8B2: Error in subscriber: [WinError 2] The system cannot find the file specified
2024-12-05 11:33:20,815 [ERROR] SB-D8B2: Error in subscriber: [WinError 2] The system cannot find the file specified
2024-12-05 11:33:20,816 [ERROR] SB-D8B2: Error in subscriber: [WinError 2] The system cannot find the file specified
2024-12-05 11:35:16,399 [INFO] Main: All processes started.
2024-12-05 11:35:17,144 [INFO] SB-4844: Attempting to connect.
2024-12-05 11:35:17,191 [INFO] SB-7104: Attempting to connect.
2024-12-05 11:35:17,195 [INFO] WebSocket: Connected to the server.
2024-12-05 11:35:17,197 [INFO] WebSocket: Sent connection initialization.
2024-12-05 11:35:17,219 [INFO] WebSocket Sender: Connected to the server.
2024-12-05 11:35:17,240 [INFO] SB-D8B2: Attempting to connect.
2024-12-05 11:35:17,258 [INFO] SB-2E86: Attempting to connect.
2024-12-05 11:35:17,469 [INFO] SB-7104: Connected to Sphero.
2024-12-05 11:35:17,581 [ERROR] WebSocket Sender: Error sending message: 
2024-12-05 11:35:17,582 [WARNING] WebSocket Sender: Closing connection.
2024-12-05 11:35:23,805 [INFO] Main: All processes started.
2024-12-05 11:35:24,376 [INFO] SB-2E86: Attempting to connect.
2024-12-05 11:35:24,379 [INFO] SB-4844: Attempting to connect.
2024-12-05 11:35:24,380 [INFO] SB-7104: Attempting to connect.
2024-12-05 11:35:24,385 [INFO] WebSocket: Connected to the server.
2024-12-05 11:35:24,385 [INFO] WebSocket: Sent connection initialization.
2024-12-05 11:35:24,385 [INFO] WebSocket Sender: Connected to the server.
2024-12-05 11:35:24,432 [INFO] SB-D8B2: Attempting to connect.
2024-12-05 11:35:24,923 [INFO] SB-2E86: Connected to Sphero.
2024-12-05 11:35:25,375 [INFO] SB-7104: Connected to Sphero.
2024-12-05 11:35:25,612 [INFO] SB-D8B2: Connected to Sphero.
2024-12-05 11:35:26,227 [INFO] SB-4844: Connected to Sphero.
2024-12-05 11:35:28,998 [INFO] SB-7104: Calibrating compass.
2024-12-05 11:35:29,961 [ERROR] SB-2E86: Failed to initialize Sphero: Device with address EA:80:A1:6E:2E:86 was not found.
2024-12-05 11:35:29,961 [WARNING] SB-2E86: Sphero connection closed.
2024-12-05 11:35:30,261 [INFO] SB-D8B2: Calibrating compass.
2024-12-05 11:35:31,272 [ERROR] SB-4844: Failed to initialize Sphero: Device with address DD:D1:3C:95:48:44 was not found.
2024-12-05 11:35:31,273 [WARNING] SB-4844: Sphero connection closed.
2024-12-05 11:35:33,319 [INFO] SB-7104: Initialization complete.
2024-12-05 11:35:33,319 [INFO] SB-7104: Subscribed to message bus.
2024-12-05 11:35:34,521 [INFO] SB-D8B2: Initialization complete.
2024-12-05 11:35:34,522 [INFO] SB-D8B2: Subscribed to message bus.
2024-12-05 11:36:23,117 [INFO] WebSocket: Received message: {"id":"SB-2E86","messageType":"SpheroMatrix","message":"X"}
2024-12-05 11:36:23,138 [INFO] WebSocket: Received message: {"id":"SB-4844","messageType":"SpheroMatrix","message":"X"}
2024-12-05 11:36:23,153 [INFO] WebSocket: Received message: {"id":"SB-7104","messageType":"SpheroMatrix","message":"X"}
2024-12-05 11:36:23,170 [INFO] WebSocket: Received message: {"id":"SB-D8B2","messageType":"SpheroMatrix","message":"X"}
2024-12-05 11:36:26,209 [ERROR] SB-D8B2: Error in subscriber: 
2024-12-05 11:36:26,209 [ERROR] WebSocket Sender: Error sending message: 
2024-12-05 11:36:26,212 [ERROR] SB-7104: Error in subscriber: [WinError 2] The system cannot find the file specified
2024-12-05 11:36:26,212 [ERROR] SB-D8B2: Error in subscriber: [WinError 232] The pipe is being closed
2024-12-05 11:36:26,213 [ERROR] SB-D8B2: Error in subscriber: [WinError 232] The pipe is being closed
2024-12-05 11:36:26,213 [ERROR] SB-7104: Error in subscriber: [WinError 2] The system cannot find the file specified
2024-12-05 11:36:26,213 [ERROR] SB-D8B2: Error in subscriber: [WinError 232] The pipe is being closed
2024-12-05 11:36:26,214 [ERROR] SB-7104: Error in subscriber: [WinError 2] The system cannot find the file specified
2024-12-05 11:36:26,214 [ERROR] SB-D8B2: Error in subscriber: [WinError 232] The pipe is being closed
2024-12-05 11:36:26,215 [ERROR] SB-7104: Error in subscriber: [WinError 2] The system cannot find the file specified
2024-12-05 11:36:26,215 [ERROR] SB-D8B2: Error in subscriber: [WinError 232] The pipe is being closed
2024-12-05 11:36:26,215 [ERROR] SB-D8B2: Error in subscriber: [WinError 232] The pipe is being closed
2024-12-05 11:36:26,215 [ERROR] SB-7104: Error in subscriber: [WinError 2] The system cannot find the file specified
2024-12-05 11:36:26,217 [ERROR] SB-D8B2: Error in subscriber: [WinError 232] The pipe is being closed
2024-12-05 11:36:26,217 [ERROR] SB-7104: Error in subscriber: [WinError 2] The system cannot find the file specified
2024-12-05 11:36:26,217 [ERROR] SB-D8B2: Error in subscriber: [WinError 232] The pipe is being closed
2024-12-05 11:36:26,217 [ERROR] SB-7104: Error in subscriber: [WinError 2] The system cannot find the file specified
2024-12-05 11:36:26,218 [ERROR] SB-D8B2: Error in subscriber: [WinError 232] The pipe is being closed
2024-12-05 11:36:26,218 [ERROR] SB-7104: Error in subscriber: [WinError 2] The system cannot find the file specified
2024-12-05 11:36:26,218 [ERROR] SB-D8B2: Error in subscriber: [WinError 232] The pipe is being closed
2024-12-05 11:36:26,218 [WARNING] WebSocket Sender: Closing connection.
2024-12-05 11:36:26,219 [ERROR] SB-7104: Error in subscriber: [WinError 2] The system cannot find the file specified
2024-12-05 11:36:26,219 [ERROR] SB-D8B2: Error in subscriber: [WinError 232] The pipe is being closed
2024-12-05 11:36:26,219 [ERROR] SB-7104: Error in subscriber: [WinError 2] The system cannot find the file specified
2024-12-05 11:36:26,220 [ERROR] SB-D8B2: Error in subscriber: [WinError 232] The pipe is being closed
2024-12-05 11:36:26,220 [ERROR] SB-7104: Error in subscriber: [WinError 2] The system cannot find the file specified
2024-12-05 11:36:26,220 [ERROR] SB-D8B2: Error in subscriber: [WinError 232] The pipe is being closed
2024-12-05 11:36:26,221 [ERROR] SB-D8B2: Error in subscriber: [WinError 232] The pipe is being closed
2024-12-05 11:36:26,221 [ERROR] SB-7104: Error in subscriber: [WinError 2] The system cannot find the file specified
2024-12-05 11:36:26,222 [ERROR] SB-D8B2: Error in subscriber: [WinError 232] The pipe is being closed
2024-12-05 11:36:26,222 [ERROR] SB-7104: Error in subscriber: [WinError 2] The system cannot find the file specified
2024-12-05 11:36:26,222 [ERROR] SB-D8B2: Error in subscriber: [WinError 232] The pipe is being closed
2024-12-05 11:36:26,223 [ERROR] SB-7104: Error in subscriber: [WinError 2] The system cannot find the file specified
2024-12-05 11:36:26,224 [ERROR] SB-D8B2: Error in subscriber: [WinError 232] The pipe is being closed
2024-12-05 11:36:26,224 [ERROR] SB-7104: Error in subscriber: [WinError 2] The system cannot find the file specified
2024-12-05 11:36:26,225 [ERROR] SB-D8B2: Error in subscriber: [WinError 232] The pipe is being closed
2024-12-05 11:36:26,230 [ERROR] SB-D8B2: Error in subscriber: [WinError 232] The pipe is being closed
2024-12-05 11:36:26,234 [ERROR] SB-7104: Error in subscriber: [WinError 2] The system cannot find the file specified
2024-12-05 11:36:26,234 [ERROR] SB-D8B2: Error in subscriber: [WinError 232] The pipe is being closed
2024-12-05 11:36:26,235 [ERROR] SB-7104: Error in subscriber: [WinError 2] The system cannot find the file specified
2024-12-05 11:36:26,235 [ERROR] SB-D8B2: Error in subscriber: [WinError 232] The pipe is being closed
2024-12-05 11:36:26,237 [ERROR] SB-7104: Error in subscriber: [WinError 2] The system cannot find the file specified
2024-12-05 11:36:26,237 [ERROR] SB-D8B2: Error in subscriber: [WinError 232] The pipe is being closed
2024-12-05 11:36:26,237 [ERROR] SB-7104: Error in subscriber: [WinError 2] The system cannot find the file specified
2024-12-05 11:36:26,238 [ERROR] SB-D8B2: Error in subscriber: [WinError 232] The pipe is being closed
2024-12-05 11:36:26,238 [ERROR] SB-7104: Error in subscriber: [WinError 2] The system cannot find the file specified
2024-12-05 11:36:26,238 [ERROR] SB-D8B2: Error in subscriber: [WinError 232] The pipe is being closed
2024-12-05 11:36:26,239 [ERROR] SB-D8B2: Error in subscriber: [WinError 232] The pipe is being closed
2024-12-05 11:36:26,239 [ERROR] SB-7104: Error in subscriber: [WinError 2] The system cannot find the file specified
2024-12-05 11:36:26,240 [ERROR] SB-D8B2: Error in subscriber: [WinError 232] The pipe is being closed
2024-12-05 11:36:26,240 [ERROR] SB-7104: Error in subscriber: [WinError 2] The system cannot find the file specified
2024-12-05 11:36:26,240 [ERROR] SB-D8B2: Error in subscriber: [WinError 232] The pipe is being closed
2024-12-05 11:36:26,241 [ERROR] SB-7104: Error in subscriber: [WinError 2] The system cannot find the file specified
2024-12-05 11:36:26,241 [ERROR] SB-D8B2: Error in subscriber: [WinError 232] The pipe is being closed
2024-12-05 11:36:26,241 [ERROR] SB-7104: Error in subscriber: [WinError 2] The system cannot find the file specified
2024-12-05 11:36:26,243 [ERROR] SB-7104: Error in subscriber: [WinError 2] The system cannot find the file specified
2024-12-05 11:36:26,244 [ERROR] SB-D8B2: Error in subscriber: [WinError 232] The pipe is being closed
2024-12-05 11:36:26,245 [ERROR] SB-7104: Error in subscriber: [WinError 2] The system cannot find the file specified
2024-12-05 11:36:26,247 [ERROR] SB-D8B2: Error in subscriber: [WinError 232] The pipe is being closed
2024-12-05 11:36:26,248 [ERROR] SB-7104: Error in subscriber: [WinError 2] The system cannot find the file specified
2024-12-05 11:36:26,248 [ERROR] SB-D8B2: Error in subscriber: [WinError 232] The pipe is being closed
2024-12-05 11:36:26,248 [ERROR] SB-7104: Error in subscriber: [WinError 2] The system cannot find the file specified
2024-12-05 11:36:26,248 [ERROR] SB-D8B2: Error in subscriber: [WinError 232] The pipe is being closed
2024-12-05 11:36:26,249 [ERROR] SB-7104: Error in subscriber: [WinError 2] The system cannot find the file specified
2024-12-05 11:36:26,249 [ERROR] SB-D8B2: Error in subscriber: [WinError 232] The pipe is being closed
2024-12-05 11:36:26,249 [ERROR] SB-7104: Error in subscriber: [WinError 2] The system cannot find the file specified
2024-12-05 11:36:26,251 [ERROR] SB-7104: Error in subscriber: [WinError 2] The system cannot find the file specified
2024-12-05 11:36:26,251 [ERROR] SB-D8B2: Error in subscriber: [WinError 232] The pipe is being closed
2024-12-05 11:36:26,252 [ERROR] SB-D8B2: Error in subscriber: [WinError 232] The pipe is being closed
2024-12-05 11:36:26,252 [ERROR] SB-7104: Error in subscriber: [WinError 2] The system cannot find the file specified
2024-12-05 11:36:26,253 [ERROR] SB-7104: Error in subscriber: [WinError 2] The system cannot find the file specified
2024-12-05 11:36:26,253 [ERROR] SB-D8B2: Error in subscriber: [WinError 232] The pipe is being closed
2024-12-05 11:36:26,254 [ERROR] SB-7104: Error in subscriber: [WinError 2] The system cannot find the file specified
2024-12-05 11:36:26,254 [ERROR] SB-D8B2: Error in subscriber: [WinError 232] The pipe is being closed
2024-12-05 11:36:26,255 [ERROR] SB-7104: Error in subscriber: [WinError 2] The system cannot find the file specified
2024-12-05 11:36:26,255 [ERROR] SB-D8B2: Error in subscriber: [WinError 232] The pipe is being closed
2024-12-05 11:36:26,256 [ERROR] SB-7104: Error in subscriber: [WinError 2] The system cannot find the file specified
2024-12-05 11:36:26,257 [ERROR] SB-D8B2: Error in subscriber: [WinError 232] The pipe is being closed
2024-12-05 11:36:26,257 [ERROR] SB-7104: Error in subscriber: [WinError 2] The system cannot find the file specified
2024-12-05 11:36:26,258 [ERROR] SB-7104: Error in subscriber: [WinError 2] The system cannot find the file specified
2024-12-05 11:36:26,258 [ERROR] SB-D8B2: Error in subscriber: [WinError 232] The pipe is being closed
2024-12-05 11:36:26,266 [ERROR] SB-7104: Error in subscriber: [WinError 2] The system cannot find the file specified
2024-12-05 11:36:26,270 [ERROR] SB-7104: Error in subscriber: [WinError 2] The system cannot find the file specified
2024-12-05 11:36:26,271 [ERROR] SB-D8B2: Error in subscriber: [WinError 232] The pipe is being closed
2024-12-05 11:36:26,271 [ERROR] SB-7104: Error in subscriber: [WinError 2] The system cannot find the file specified
2024-12-05 11:36:26,272 [ERROR] SB-D8B2: Error in subscriber: [WinError 232] The pipe is being closed
2024-12-05 11:36:26,272 [ERROR] SB-7104: Error in subscriber: [WinError 2] The system cannot find the file specified
2024-12-05 11:36:26,273 [ERROR] SB-D8B2: Error in subscriber: [WinError 232] The pipe is being closed
2024-12-05 11:36:26,274 [ERROR] SB-7104: Error in subscriber: [WinError 2] The system cannot find the file specified
2024-12-05 11:36:26,274 [ERROR] SB-D8B2: Error in subscriber: [WinError 232] The pipe is being closed
2024-12-05 11:36:26,274 [ERROR] SB-7104: Error in subscriber: [WinError 2] The system cannot find the file specified
2024-12-05 11:36:26,278 [ERROR] SB-7104: Error in subscriber: [WinError 2] The system cannot find the file specified
2024-12-05 11:36:26,279 [ERROR] SB-D8B2: Error in subscriber: [WinError 232] The pipe is being closed
2024-12-05 11:36:26,281 [ERROR] SB-D8B2: Error in subscriber: [WinError 232] The pipe is being closed
2024-12-05 11:36:26,282 [ERROR] SB-D8B2: Error in subscriber: [WinError 232] The pipe is being closed
2024-12-05 11:36:26,284 [ERROR] SB-D8B2: Error in subscriber: [WinError 232] The pipe is being closed
2024-12-05 11:36:26,285 [ERROR] SB-D8B2: Error in subscriber: [WinError 232] The pipe is being closed
2024-12-05 11:36:26,287 [ERROR] SB-D8B2: Error in subscriber: [WinError 232] The pipe is being closed
2024-12-05 11:36:26,296 [ERROR] SB-D8B2: Error in subscriber: [WinError 232] The pipe is being closed
2024-12-05 11:36:26,298 [ERROR] SB-D8B2: Error in subscriber: [WinError 232] The pipe is being closed
2024-12-05 11:36:26,299 [ERROR] SB-D8B2: Error in subscriber: [WinError 232] The pipe is being closed
2024-12-05 11:36:26,299 [ERROR] SB-D8B2: Error in subscriber: [WinError 232] The pipe is being closed
2024-12-05 11:36:26,301 [ERROR] SB-D8B2: Error in subscriber: [WinError 232] The pipe is being closed
2024-12-05 11:36:26,301 [ERROR] SB-D8B2: Error in subscriber: [WinError 232] The pipe is being closed
2024-12-05 11:36:26,304 [ERROR] SB-D8B2: Error in subscriber: [WinError 232] The pipe is being closed
2024-12-05 11:36:26,305 [ERROR] SB-D8B2: Error in subscriber: [WinError 232] The pipe is being closed
2024-12-05 11:36:26,305 [ERROR] SB-D8B2: Error in subscriber: [WinError 232] The pipe is being closed
2024-12-05 11:36:26,306 [ERROR] SB-D8B2: Error in subscriber: [WinError 232] The pipe is being closed
2024-12-05 11:36:26,306 [ERROR] SB-D8B2: Error in subscriber: [WinError 232] The pipe is being closed
2024-12-05 11:36:26,307 [ERROR] SB-D8B2: Error in subscriber: [WinError 232] The pipe is being closed
2024-12-05 11:36:26,308 [ERROR] SB-D8B2: Error in subscriber: [WinError 232] The pipe is being closed
2024-12-05 11:36:26,308 [ERROR] SB-D8B2: Error in subscriber: [WinError 232] The pipe is being closed
2024-12-05 11:36:26,312 [ERROR] SB-D8B2: Error in subscriber: [WinError 232] The pipe is being closed
2024-12-05 11:36:47,517 [INFO] Main: All processes started.
2024-12-05 11:36:48,243 [INFO] SB-D8B2: Attempting to connect.
2024-12-05 11:36:48,246 [INFO] WebSocket: Connected to the server.
2024-12-05 11:36:48,248 [INFO] WebSocket: Sent connection initialization.
2024-12-05 11:36:48,253 [INFO] WebSocket Sender: Connected to the server.
2024-12-05 11:36:48,278 [INFO] SB-2E86: Attempting to connect.
2024-12-05 11:36:48,290 [INFO] SB-4844: Attempting to connect.
2024-12-05 11:36:48,351 [INFO] SB-7104: Attempting to connect.
2024-12-05 11:36:48,553 [INFO] SB-D8B2: Connected to Sphero.
2024-12-05 11:36:48,557 [INFO] SB-2E86: Connected to Sphero.
2024-12-05 11:36:48,572 [INFO] SB-4844: Connected to Sphero.
2024-12-05 11:36:48,618 [INFO] SB-7104: Connected to Sphero.
2024-12-05 11:36:53,056 [ERROR] SB-7104: Failed to initialize or maintain connection to Sphero: Characteristic 00010002-574f-4f20-5370-6865726f2121 was not found!
2024-12-05 11:36:53,061 [WARNING] SB-7104: Sphero connection closed. Retrying...
2024-12-05 11:36:53,152 [ERROR] SB-D8B2: Failed to initialize or maintain connection to Sphero: Characteristic 00010002-574f-4f20-5370-6865726f2121 was not found!
2024-12-05 11:36:53,162 [WARNING] SB-D8B2: Sphero connection closed. Retrying...
2024-12-05 11:36:56,121 [INFO] SB-4844: Calibrating compass.
2024-12-05 11:36:56,437 [INFO] SB-2E86: Calibrating compass.
2024-12-05 11:36:58,234 [INFO] SB-7104: Connected to Sphero.
2024-12-05 11:36:58,623 [INFO] SB-D8B2: Connected to Sphero.
2024-12-05 11:37:00,489 [INFO] SB-4844: Initialization complete.
2024-12-05 11:37:00,490 [INFO] SB-4844: Subscribed to message bus.
2024-12-05 11:37:00,833 [INFO] SB-2E86: Initialization complete.
2024-12-05 11:37:00,834 [INFO] SB-2E86: Subscribed to message bus.
2024-12-05 11:37:00,951 [WARNING] EF:C2:FB:8F:D8:B2: unhandled services changed event
2024-12-05 11:37:03,986 [ERROR] SB-D8B2: Failed to initialize or maintain connection to Sphero: Characteristic 00020005-574f-4f20-5370-6865726f2121 was not found!
2024-12-05 11:37:03,986 [WARNING] SB-D8B2: Sphero connection closed. Retrying...
2024-12-05 11:37:04,205 [ERROR] SB-7104: Failed to initialize or maintain connection to Sphero: Characteristic 00010002-574f-4f20-5370-6865726f2121 was not found!
2024-12-05 11:37:04,209 [WARNING] SB-7104: Sphero connection closed. Retrying...
2024-12-05 11:37:09,360 [INFO] SB-7104: Connected to Sphero.
2024-12-05 11:37:11,217 [INFO] SB-D8B2: Connected to Sphero.
2024-12-05 11:37:13,755 [INFO] SB-7104: Calibrating compass.
2024-12-05 11:37:16,665 [INFO] SB-D8B2: Calibrating compass.
2024-12-05 11:37:18,086 [INFO] SB-7104: Initialization complete.
2024-12-05 11:37:18,087 [INFO] SB-7104: Subscribed to message bus.
2024-12-05 11:37:21,000 [INFO] SB-D8B2: Initialization complete.
2024-12-05 11:37:21,000 [INFO] SB-D8B2: Subscribed to message bus.
2024-12-05 11:37:46,845 [INFO] WebSocket: Received message: {"id":"SB-2E86","messageType":"SpheroMatrix","message":"X"}
2024-12-05 11:37:46,877 [INFO] WebSocket: Received message: {"id":"SB-4844","messageType":"SpheroMatrix","message":"X"}
2024-12-05 11:37:46,902 [INFO] WebSocket: Received message: {"id":"SB-7104","messageType":"SpheroMatrix","message":"X"}
2024-12-05 11:37:46,937 [INFO] WebSocket: Received message: {"id":"SB-D8B2","messageType":"SpheroMatrix","message":"X"}
2024-12-05 11:38:46,853 [INFO] WebSocket: Received message: {"id":"SB-2E86","messageType":"SpheroMatrix","message":"X"}
2024-12-05 11:38:47,968 [INFO] WebSocket: Received message: {"id":"SB-4844","messageType":"SpheroMatrix","message":"X"}
2024-12-05 11:38:48,314 [INFO] WebSocket: Received message: {"id":"SB-7104","messageType":"SpheroMatrix","message":"X"}
2024-12-05 11:38:48,358 [ERROR] Exception in callback Toy.__api_read(<bleak.backen...0025FFFC1DD90>)(bytearray(b'#...a6\x15p,\xd8'))
handle: <Handle Toy.__api_read(<bleak.backen...0025FFFC1DD90>)(bytearray(b'#...a6\x15p,\xd8'))>
Traceback (most recent call last):
  File "C:\Python312\Lib\asyncio\events.py", line 88, in _run
    self._context.run(self._callback, *self._args)
  File "C:\Users\buiph\AppData\Roaming\Python\Python312\site-packages\spherov2\toy\__init__.py", line 106, in __api_read
    self.__decoder.add(data)
  File "C:\Users\buiph\AppData\Roaming\Python\Python312\site-packages\spherov2\controls\v2.py", line 174, in add
    self.__callback(Packet.parse_response(pkt))
  File "C:\Users\buiph\AppData\Roaming\Python\Python312\site-packages\spherov2\toy\__init__.py", line 114, in __new_packet
    for f in self.__listeners[key].values():
             ^^^^^^^^^^^^^^^^^^^^^^^^^^^^^^
RuntimeError: dictionary changed size during iteration
2024-12-05 11:38:49,172 [ERROR] Exception in callback Toy.__api_read(<bleak.backen...001FA7FD2DE20>)(bytearray(b'\xd7\x1a\xd8'))
handle: <Handle Toy.__api_read(<bleak.backen...001FA7FD2DE20>)(bytearray(b'\xd7\x1a\xd8'))>
Traceback (most recent call last):
  File "C:\Python312\Lib\asyncio\events.py", line 88, in _run
    self._context.run(self._callback, *self._args)
  File "C:\Users\buiph\AppData\Roaming\Python\Python312\site-packages\spherov2\toy\__init__.py", line 106, in __api_read
    self.__decoder.add(data)
  File "C:\Users\buiph\AppData\Roaming\Python\Python312\site-packages\spherov2\controls\v2.py", line 174, in add
    self.__callback(Packet.parse_response(pkt))
  File "C:\Users\buiph\AppData\Roaming\Python\Python312\site-packages\spherov2\toy\__init__.py", line 114, in __new_packet
    for f in self.__listeners[key].values():
             ^^^^^^^^^^^^^^^^^^^^^^^^^^^^^^
RuntimeError: dictionary changed size during iteration
2024-12-05 11:38:49,285 [INFO] WebSocket: Received message: {"id":"SB-D8B2","messageType":"SpheroMatrix","message":"X"}
2024-12-05 11:38:50,650 [ERROR] Exception in callback Toy.__api_read(<bleak.backen...001ED55104110>)(bytearray(b'H\xd8'))
handle: <Handle Toy.__api_read(<bleak.backen...001ED55104110>)(bytearray(b'H\xd8'))>
Traceback (most recent call last):
  File "C:\Python312\Lib\asyncio\events.py", line 88, in _run
    self._context.run(self._callback, *self._args)
  File "C:\Users\buiph\AppData\Roaming\Python\Python312\site-packages\spherov2\toy\__init__.py", line 106, in __api_read
    self.__decoder.add(data)
  File "C:\Users\buiph\AppData\Roaming\Python\Python312\site-packages\spherov2\controls\v2.py", line 174, in add
    self.__callback(Packet.parse_response(pkt))
  File "C:\Users\buiph\AppData\Roaming\Python\Python312\site-packages\spherov2\toy\__init__.py", line 114, in __new_packet
    for f in self.__listeners[key].values():
             ^^^^^^^^^^^^^^^^^^^^^^^^^^^^^^
RuntimeError: dictionary changed size during iteration
2024-12-05 11:38:51,114 [ERROR] Exception in callback Toy.__api_read(<bleak.backen...0027CE2552A20>)(bytearray(b'\x8a\xd8'))
handle: <Handle Toy.__api_read(<bleak.backen...0027CE2552A20>)(bytearray(b'\x8a\xd8'))>
Traceback (most recent call last):
  File "C:\Python312\Lib\asyncio\events.py", line 88, in _run
    self._context.run(self._callback, *self._args)
  File "C:\Users\buiph\AppData\Roaming\Python\Python312\site-packages\spherov2\toy\__init__.py", line 106, in __api_read
    self.__decoder.add(data)
  File "C:\Users\buiph\AppData\Roaming\Python\Python312\site-packages\spherov2\controls\v2.py", line 174, in add
    self.__callback(Packet.parse_response(pkt))
  File "C:\Users\buiph\AppData\Roaming\Python\Python312\site-packages\spherov2\toy\__init__.py", line 114, in __new_packet
    for f in self.__listeners[key].values():
             ^^^^^^^^^^^^^^^^^^^^^^^^^^^^^^
RuntimeError: dictionary changed size during iteration
2024-12-05 11:39:46,868 [INFO] WebSocket: Received message: {"id":"SB-2E86","messageType":"SpheroMatrix","message":"X"}
2024-12-05 11:39:47,227 [INFO] WebSocket: Received message: {"id":"SB-4844","messageType":"SpheroMatrix","message":"X"}
2024-12-05 11:39:47,312 [INFO] WebSocket: Received message: {"id":"SB-7104","messageType":"SpheroMatrix","message":"X"}
2024-12-05 11:39:47,379 [INFO] WebSocket: Received message: {"id":"SB-D8B2","messageType":"SpheroMatrix","message":"X"}
2024-12-05 11:39:47,490 [ERROR] Exception in callback Toy.__api_read(<bleak.backen...001FA7FD2DE20>)(bytearray(b'\xa7\xd8'))
handle: <Handle Toy.__api_read(<bleak.backen...001FA7FD2DE20>)(bytearray(b'\xa7\xd8'))>
Traceback (most recent call last):
  File "C:\Python312\Lib\asyncio\events.py", line 88, in _run
    self._context.run(self._callback, *self._args)
  File "C:\Users\buiph\AppData\Roaming\Python\Python312\site-packages\spherov2\toy\__init__.py", line 106, in __api_read
    self.__decoder.add(data)
  File "C:\Users\buiph\AppData\Roaming\Python\Python312\site-packages\spherov2\controls\v2.py", line 174, in add
    self.__callback(Packet.parse_response(pkt))
  File "C:\Users\buiph\AppData\Roaming\Python\Python312\site-packages\spherov2\toy\__init__.py", line 114, in __new_packet
    for f in self.__listeners[key].values():
             ^^^^^^^^^^^^^^^^^^^^^^^^^^^^^^
RuntimeError: dictionary changed size during iteration
2024-12-05 11:40:46,878 [INFO] WebSocket: Received message: {"id":"SB-2E86","messageType":"SpheroMatrix","message":"X"}
2024-12-05 11:40:46,959 [INFO] WebSocket: Received message: {"id":"SB-4844","messageType":"SpheroMatrix","message":"X"}
2024-12-05 11:40:47,056 [INFO] WebSocket: Received message: {"id":"SB-7104","messageType":"SpheroMatrix","message":"X"}
2024-12-05 11:40:47,126 [ERROR] Exception in callback Toy.__api_read(<bleak.backen...0025FFFC1DD90>)(bytearray(b'$...a6\x15pD\xd8'))
handle: <Handle Toy.__api_read(<bleak.backen...0025FFFC1DD90>)(bytearray(b'$...a6\x15pD\xd8'))>
Traceback (most recent call last):
  File "C:\Python312\Lib\asyncio\events.py", line 88, in _run
    self._context.run(self._callback, *self._args)
  File "C:\Users\buiph\AppData\Roaming\Python\Python312\site-packages\spherov2\toy\__init__.py", line 106, in __api_read
    self.__decoder.add(data)
  File "C:\Users\buiph\AppData\Roaming\Python\Python312\site-packages\spherov2\controls\v2.py", line 174, in add
    self.__callback(Packet.parse_response(pkt))
  File "C:\Users\buiph\AppData\Roaming\Python\Python312\site-packages\spherov2\toy\__init__.py", line 114, in __new_packet
    for f in self.__listeners[key].values():
             ^^^^^^^^^^^^^^^^^^^^^^^^^^^^^^
RuntimeError: dictionary changed size during iteration
2024-12-05 11:40:47,143 [INFO] WebSocket: Received message: {"id":"SB-D8B2","messageType":"SpheroMatrix","message":"X"}
2024-12-05 11:41:46,889 [INFO] WebSocket: Received message: {"id":"SB-2E86","messageType":"SpheroMatrix","message":"X"}
2024-12-05 11:41:47,268 [INFO] WebSocket: Received message: {"id":"SB-4844","messageType":"SpheroMatrix","message":"X"}
2024-12-05 11:41:47,784 [INFO] WebSocket: Received message: {"id":"SB-7104","messageType":"SpheroMatrix","message":"X"}
2024-12-05 11:41:47,939 [ERROR] Exception in callback Toy.__api_read(<bleak.backen...0025FFFC1DD90>)(bytearray(b'\x90\xd8'))
handle: <Handle Toy.__api_read(<bleak.backen...0025FFFC1DD90>)(bytearray(b'\x90\xd8'))>
Traceback (most recent call last):
  File "C:\Python312\Lib\asyncio\events.py", line 88, in _run
    self._context.run(self._callback, *self._args)
  File "C:\Users\buiph\AppData\Roaming\Python\Python312\site-packages\spherov2\toy\__init__.py", line 106, in __api_read
    self.__decoder.add(data)
  File "C:\Users\buiph\AppData\Roaming\Python\Python312\site-packages\spherov2\controls\v2.py", line 174, in add
    self.__callback(Packet.parse_response(pkt))
  File "C:\Users\buiph\AppData\Roaming\Python\Python312\site-packages\spherov2\toy\__init__.py", line 114, in __new_packet
    for f in self.__listeners[key].values():
             ^^^^^^^^^^^^^^^^^^^^^^^^^^^^^^
RuntimeError: dictionary changed size during iteration
2024-12-05 11:41:47,949 [INFO] WebSocket: Received message: {"id":"SB-D8B2","messageType":"SpheroMatrix","message":"X"}
2024-12-05 11:41:48,497 [ERROR] Exception in callback Toy.__api_read(<bleak.backen...001FA7FD2DE20>)(bytearray(b'\x9d\xd8'))
handle: <Handle Toy.__api_read(<bleak.backen...001FA7FD2DE20>)(bytearray(b'\x9d\xd8'))>
Traceback (most recent call last):
  File "C:\Python312\Lib\asyncio\events.py", line 88, in _run
    self._context.run(self._callback, *self._args)
  File "C:\Users\buiph\AppData\Roaming\Python\Python312\site-packages\spherov2\toy\__init__.py", line 106, in __api_read
    self.__decoder.add(data)
  File "C:\Users\buiph\AppData\Roaming\Python\Python312\site-packages\spherov2\controls\v2.py", line 174, in add
    self.__callback(Packet.parse_response(pkt))
  File "C:\Users\buiph\AppData\Roaming\Python\Python312\site-packages\spherov2\toy\__init__.py", line 114, in __new_packet
    for f in self.__listeners[key].values():
             ^^^^^^^^^^^^^^^^^^^^^^^^^^^^^^
RuntimeError: dictionary changed size during iteration
2024-12-05 11:41:48,706 [ERROR] Exception in callback Toy.__api_read(<bleak.backen...001ED55104110>)(bytearray(b'\x99\xd8'))
handle: <Handle Toy.__api_read(<bleak.backen...001ED55104110>)(bytearray(b'\x99\xd8'))>
Traceback (most recent call last):
  File "C:\Python312\Lib\asyncio\events.py", line 88, in _run
    self._context.run(self._callback, *self._args)
  File "C:\Users\buiph\AppData\Roaming\Python\Python312\site-packages\spherov2\toy\__init__.py", line 106, in __api_read
    self.__decoder.add(data)
  File "C:\Users\buiph\AppData\Roaming\Python\Python312\site-packages\spherov2\controls\v2.py", line 174, in add
    self.__callback(Packet.parse_response(pkt))
  File "C:\Users\buiph\AppData\Roaming\Python\Python312\site-packages\spherov2\toy\__init__.py", line 114, in __new_packet
    for f in self.__listeners[key].values():
             ^^^^^^^^^^^^^^^^^^^^^^^^^^^^^^
RuntimeError: dictionary changed size during iteration
2024-12-05 11:41:50,066 [ERROR] Exception in callback Toy.__api_read(<bleak.backen...0027CE2552A20>)(bytearray(b'q\xd8'))
handle: <Handle Toy.__api_read(<bleak.backen...0027CE2552A20>)(bytearray(b'q\xd8'))>
Traceback (most recent call last):
  File "C:\Python312\Lib\asyncio\events.py", line 88, in _run
    self._context.run(self._callback, *self._args)
  File "C:\Users\buiph\AppData\Roaming\Python\Python312\site-packages\spherov2\toy\__init__.py", line 106, in __api_read
    self.__decoder.add(data)
  File "C:\Users\buiph\AppData\Roaming\Python\Python312\site-packages\spherov2\controls\v2.py", line 174, in add
    self.__callback(Packet.parse_response(pkt))
  File "C:\Users\buiph\AppData\Roaming\Python\Python312\site-packages\spherov2\toy\__init__.py", line 114, in __new_packet
    for f in self.__listeners[key].values():
             ^^^^^^^^^^^^^^^^^^^^^^^^^^^^^^
RuntimeError: dictionary changed size during iteration
